ARM GAS  C:\Users\FIsh\AppData\Local\Temp\ccCDvnK2.s 			page 1


   1              		.cpu cortex-m4
   2              		.arch armv7e-m
   3              		.fpu fpv4-sp-d16
   4              		.eabi_attribute 27, 1
   5              		.eabi_attribute 28, 1
   6              		.eabi_attribute 20, 1
   7              		.eabi_attribute 21, 1
   8              		.eabi_attribute 23, 3
   9              		.eabi_attribute 24, 1
  10              		.eabi_attribute 25, 1
  11              		.eabi_attribute 26, 1
  12              		.eabi_attribute 30, 1
  13              		.eabi_attribute 34, 1
  14              		.eabi_attribute 18, 4
  15              		.file	"usb_device.c"
  16              		.text
  17              	.Ltext0:
  18              		.cfi_sections	.debug_frame
  19              		.section	.text.MX_USB_DEVICE_Init,"ax",%progbits
  20              		.align	1
  21              		.global	MX_USB_DEVICE_Init
  22              		.syntax unified
  23              		.thumb
  24              		.thumb_func
  26              	MX_USB_DEVICE_Init:
  27              	.LFB134:
  28              		.file 1 "USB_DEVICE/App/usb_device.c"
   1:USB_DEVICE/App/usb_device.c **** /* USER CODE BEGIN Header */
   2:USB_DEVICE/App/usb_device.c **** /**
   3:USB_DEVICE/App/usb_device.c ****   ******************************************************************************
   4:USB_DEVICE/App/usb_device.c ****   * @file           : usb_device.c
   5:USB_DEVICE/App/usb_device.c ****   * @version        : v1.0_Cube
   6:USB_DEVICE/App/usb_device.c ****   * @brief          : This file implements the USB Device
   7:USB_DEVICE/App/usb_device.c ****   ******************************************************************************
   8:USB_DEVICE/App/usb_device.c ****   * @attention
   9:USB_DEVICE/App/usb_device.c ****   *
  10:USB_DEVICE/App/usb_device.c ****   * Copyright (c) 2023 STMicroelectronics.
  11:USB_DEVICE/App/usb_device.c ****   * All rights reserved.
  12:USB_DEVICE/App/usb_device.c ****   *
  13:USB_DEVICE/App/usb_device.c ****   * This software is licensed under terms that can be found in the LICENSE file
  14:USB_DEVICE/App/usb_device.c ****   * in the root directory of this software component.
  15:USB_DEVICE/App/usb_device.c ****   * If no LICENSE file comes with this software, it is provided AS-IS.
  16:USB_DEVICE/App/usb_device.c ****   *
  17:USB_DEVICE/App/usb_device.c ****   ******************************************************************************
  18:USB_DEVICE/App/usb_device.c ****   */
  19:USB_DEVICE/App/usb_device.c **** /* USER CODE END Header */
  20:USB_DEVICE/App/usb_device.c **** 
  21:USB_DEVICE/App/usb_device.c **** /* Includes ------------------------------------------------------------------*/
  22:USB_DEVICE/App/usb_device.c **** 
  23:USB_DEVICE/App/usb_device.c **** #include "usb_device.h"
  24:USB_DEVICE/App/usb_device.c **** #include "usbd_core.h"
  25:USB_DEVICE/App/usb_device.c **** #include "usbd_desc.h"
  26:USB_DEVICE/App/usb_device.c **** #include "usbd_hid.h"
  27:USB_DEVICE/App/usb_device.c **** 
  28:USB_DEVICE/App/usb_device.c **** /* USER CODE BEGIN Includes */
  29:USB_DEVICE/App/usb_device.c **** 
  30:USB_DEVICE/App/usb_device.c **** /* USER CODE END Includes */
ARM GAS  C:\Users\FIsh\AppData\Local\Temp\ccCDvnK2.s 			page 2


  31:USB_DEVICE/App/usb_device.c **** 
  32:USB_DEVICE/App/usb_device.c **** /* USER CODE BEGIN PV */
  33:USB_DEVICE/App/usb_device.c **** /* Private variables ---------------------------------------------------------*/
  34:USB_DEVICE/App/usb_device.c **** 
  35:USB_DEVICE/App/usb_device.c **** /* USER CODE END PV */
  36:USB_DEVICE/App/usb_device.c **** 
  37:USB_DEVICE/App/usb_device.c **** /* USER CODE BEGIN PFP */
  38:USB_DEVICE/App/usb_device.c **** /* Private function prototypes -----------------------------------------------*/
  39:USB_DEVICE/App/usb_device.c **** 
  40:USB_DEVICE/App/usb_device.c **** /* USER CODE END PFP */
  41:USB_DEVICE/App/usb_device.c **** 
  42:USB_DEVICE/App/usb_device.c **** /* USB Device Core handle declaration. */
  43:USB_DEVICE/App/usb_device.c **** USBD_HandleTypeDef hUsbDeviceFS;
  44:USB_DEVICE/App/usb_device.c **** 
  45:USB_DEVICE/App/usb_device.c **** /*
  46:USB_DEVICE/App/usb_device.c ****  * -- Insert your variables declaration here --
  47:USB_DEVICE/App/usb_device.c ****  */
  48:USB_DEVICE/App/usb_device.c **** /* USER CODE BEGIN 0 */
  49:USB_DEVICE/App/usb_device.c **** 
  50:USB_DEVICE/App/usb_device.c **** /* USER CODE END 0 */
  51:USB_DEVICE/App/usb_device.c **** 
  52:USB_DEVICE/App/usb_device.c **** /*
  53:USB_DEVICE/App/usb_device.c ****  * -- Insert your external function declaration here --
  54:USB_DEVICE/App/usb_device.c ****  */
  55:USB_DEVICE/App/usb_device.c **** /* USER CODE BEGIN 1 */
  56:USB_DEVICE/App/usb_device.c **** 
  57:USB_DEVICE/App/usb_device.c **** /* USER CODE END 1 */
  58:USB_DEVICE/App/usb_device.c **** 
  59:USB_DEVICE/App/usb_device.c **** /**
  60:USB_DEVICE/App/usb_device.c ****   * Init USB device Library, add supported class and start the library
  61:USB_DEVICE/App/usb_device.c ****   * @retval None
  62:USB_DEVICE/App/usb_device.c ****   */
  63:USB_DEVICE/App/usb_device.c **** void MX_USB_DEVICE_Init(void)
  64:USB_DEVICE/App/usb_device.c **** {
  29              		.loc 1 64 1 view -0
  30              		.cfi_startproc
  31              		@ args = 0, pretend = 0, frame = 0
  32              		@ frame_needed = 0, uses_anonymous_args = 0
  33 0000 08B5     		push	{r3, lr}
  34              	.LCFI0:
  35              		.cfi_def_cfa_offset 8
  36              		.cfi_offset 3, -8
  37              		.cfi_offset 14, -4
  65:USB_DEVICE/App/usb_device.c ****   /* USER CODE BEGIN USB_DEVICE_Init_PreTreatment */
  66:USB_DEVICE/App/usb_device.c **** 
  67:USB_DEVICE/App/usb_device.c ****   /* USER CODE END USB_DEVICE_Init_PreTreatment */
  68:USB_DEVICE/App/usb_device.c **** 
  69:USB_DEVICE/App/usb_device.c ****   /* Init Device Library, add supported class and start the library. */
  70:USB_DEVICE/App/usb_device.c ****   if (USBD_Init(&hUsbDeviceFS, &FS_Desc, DEVICE_FS) != USBD_OK)
  38              		.loc 1 70 3 view .LVU1
  39              		.loc 1 70 7 is_stmt 0 view .LVU2
  40 0002 0022     		movs	r2, #0
  41 0004 0B49     		ldr	r1, .L9
  42 0006 0C48     		ldr	r0, .L9+4
  43 0008 FFF7FEFF 		bl	USBD_Init
  44              	.LVL0:
  45              		.loc 1 70 6 view .LVU3
ARM GAS  C:\Users\FIsh\AppData\Local\Temp\ccCDvnK2.s 			page 3


  46 000c 48B9     		cbnz	r0, .L6
  47              	.L2:
  71:USB_DEVICE/App/usb_device.c ****   {
  72:USB_DEVICE/App/usb_device.c ****     Error_Handler();
  73:USB_DEVICE/App/usb_device.c ****   }
  74:USB_DEVICE/App/usb_device.c ****   if (USBD_RegisterClass(&hUsbDeviceFS, &USBD_HID) != USBD_OK)
  48              		.loc 1 74 3 is_stmt 1 view .LVU4
  49              		.loc 1 74 7 is_stmt 0 view .LVU5
  50 000e 0B49     		ldr	r1, .L9+8
  51 0010 0948     		ldr	r0, .L9+4
  52 0012 FFF7FEFF 		bl	USBD_RegisterClass
  53              	.LVL1:
  54              		.loc 1 74 6 view .LVU6
  55 0016 38B9     		cbnz	r0, .L7
  56              	.L3:
  75:USB_DEVICE/App/usb_device.c ****   {
  76:USB_DEVICE/App/usb_device.c ****     Error_Handler();
  77:USB_DEVICE/App/usb_device.c ****   }
  78:USB_DEVICE/App/usb_device.c ****   if (USBD_Start(&hUsbDeviceFS) != USBD_OK)
  57              		.loc 1 78 3 is_stmt 1 view .LVU7
  58              		.loc 1 78 7 is_stmt 0 view .LVU8
  59 0018 0748     		ldr	r0, .L9+4
  60 001a FFF7FEFF 		bl	USBD_Start
  61              	.LVL2:
  62              		.loc 1 78 6 view .LVU9
  63 001e 30B9     		cbnz	r0, .L8
  64              	.L1:
  79:USB_DEVICE/App/usb_device.c ****   {
  80:USB_DEVICE/App/usb_device.c ****     Error_Handler();
  81:USB_DEVICE/App/usb_device.c ****   }
  82:USB_DEVICE/App/usb_device.c **** 
  83:USB_DEVICE/App/usb_device.c ****   /* USER CODE BEGIN USB_DEVICE_Init_PostTreatment */
  84:USB_DEVICE/App/usb_device.c **** 
  85:USB_DEVICE/App/usb_device.c ****   /* USER CODE END USB_DEVICE_Init_PostTreatment */
  86:USB_DEVICE/App/usb_device.c **** }
  65              		.loc 1 86 1 view .LVU10
  66 0020 08BD     		pop	{r3, pc}
  67              	.L6:
  72:USB_DEVICE/App/usb_device.c ****   }
  68              		.loc 1 72 5 is_stmt 1 view .LVU11
  69 0022 FFF7FEFF 		bl	Error_Handler
  70              	.LVL3:
  71 0026 F2E7     		b	.L2
  72              	.L7:
  76:USB_DEVICE/App/usb_device.c ****   }
  73              		.loc 1 76 5 view .LVU12
  74 0028 FFF7FEFF 		bl	Error_Handler
  75              	.LVL4:
  76 002c F4E7     		b	.L3
  77              	.L8:
  80:USB_DEVICE/App/usb_device.c ****   }
  78              		.loc 1 80 5 view .LVU13
  79 002e FFF7FEFF 		bl	Error_Handler
  80              	.LVL5:
  81              		.loc 1 86 1 is_stmt 0 view .LVU14
  82 0032 F5E7     		b	.L1
  83              	.L10:
ARM GAS  C:\Users\FIsh\AppData\Local\Temp\ccCDvnK2.s 			page 4


  84              		.align	2
  85              	.L9:
  86 0034 00000000 		.word	FS_Desc
  87 0038 00000000 		.word	.LANCHOR0
  88 003c 00000000 		.word	USBD_HID
  89              		.cfi_endproc
  90              	.LFE134:
  92              		.global	hUsbDeviceFS
  93              		.section	.bss.hUsbDeviceFS,"aw",%nobits
  94              		.align	2
  95              		.set	.LANCHOR0,. + 0
  98              	hUsbDeviceFS:
  99 0000 00000000 		.space	732
  99      00000000 
  99      00000000 
  99      00000000 
  99      00000000 
 100              		.text
 101              	.Letext0:
 102              		.file 2 "c:\\program files (x86)\\gnu arm embedded toolchain\\10 2021.10\\arm-none-eabi\\include\\
 103              		.file 3 "c:\\program files (x86)\\gnu arm embedded toolchain\\10 2021.10\\arm-none-eabi\\include\\
 104              		.file 4 "Middlewares/ST/STM32_USB_Device_Library/Core/Inc/usbd_def.h"
 105              		.file 5 "USB_DEVICE/App/usbd_desc.h"
 106              		.file 6 "Middlewares/ST/STM32_USB_Device_Library/Class/HID/Inc/usbd_hid.h"
 107              		.file 7 "Middlewares/ST/STM32_USB_Device_Library/Core/Inc/usbd_core.h"
 108              		.file 8 "Core/Inc/main.h"
ARM GAS  C:\Users\FIsh\AppData\Local\Temp\ccCDvnK2.s 			page 5


DEFINED SYMBOLS
                            *ABS*:00000000 usb_device.c
C:\Users\FIsh\AppData\Local\Temp\ccCDvnK2.s:20     .text.MX_USB_DEVICE_Init:00000000 $t
C:\Users\FIsh\AppData\Local\Temp\ccCDvnK2.s:26     .text.MX_USB_DEVICE_Init:00000000 MX_USB_DEVICE_Init
C:\Users\FIsh\AppData\Local\Temp\ccCDvnK2.s:86     .text.MX_USB_DEVICE_Init:00000034 $d
C:\Users\FIsh\AppData\Local\Temp\ccCDvnK2.s:98     .bss.hUsbDeviceFS:00000000 hUsbDeviceFS
C:\Users\FIsh\AppData\Local\Temp\ccCDvnK2.s:94     .bss.hUsbDeviceFS:00000000 $d

UNDEFINED SYMBOLS
USBD_Init
USBD_RegisterClass
USBD_Start
Error_Handler
FS_Desc
USBD_HID
