ARM GAS  C:\Users\FIsh\AppData\Local\Temp\ccMa3Z1p.s 			page 1


   1              		.cpu cortex-m4
   2              		.arch armv7e-m
   3              		.fpu fpv4-sp-d16
   4              		.eabi_attribute 27, 1
   5              		.eabi_attribute 28, 1
   6              		.eabi_attribute 20, 1
   7              		.eabi_attribute 21, 1
   8              		.eabi_attribute 23, 3
   9              		.eabi_attribute 24, 1
  10              		.eabi_attribute 25, 1
  11              		.eabi_attribute 26, 1
  12              		.eabi_attribute 30, 1
  13              		.eabi_attribute 34, 1
  14              		.eabi_attribute 18, 4
  15              		.file	"usb_otg.c"
  16              		.text
  17              	.Ltext0:
  18              		.cfi_sections	.debug_frame
  19              		.section	.text.MX_USB_OTG_FS_USB_Init,"ax",%progbits
  20              		.align	1
  21              		.global	MX_USB_OTG_FS_USB_Init
  22              		.syntax unified
  23              		.thumb
  24              		.thumb_func
  26              	MX_USB_OTG_FS_USB_Init:
  27              	.LFB130:
  28              		.file 1 "Core/Src/usb_otg.c"
   1:Core/Src/usb_otg.c **** /* USER CODE BEGIN Header */
   2:Core/Src/usb_otg.c **** /**
   3:Core/Src/usb_otg.c ****   ******************************************************************************
   4:Core/Src/usb_otg.c ****   * @file    usb_otg.c
   5:Core/Src/usb_otg.c ****   * @brief   This file provides code for the configuration
   6:Core/Src/usb_otg.c ****   *          of the USB_OTG instances.
   7:Core/Src/usb_otg.c ****   ******************************************************************************
   8:Core/Src/usb_otg.c ****   * @attention
   9:Core/Src/usb_otg.c ****   *
  10:Core/Src/usb_otg.c ****   * Copyright (c) 2023 STMicroelectronics.
  11:Core/Src/usb_otg.c ****   * All rights reserved.
  12:Core/Src/usb_otg.c ****   *
  13:Core/Src/usb_otg.c ****   * This software is licensed under terms that can be found in the LICENSE file
  14:Core/Src/usb_otg.c ****   * in the root directory of this software component.
  15:Core/Src/usb_otg.c ****   * If no LICENSE file comes with this software, it is provided AS-IS.
  16:Core/Src/usb_otg.c ****   *
  17:Core/Src/usb_otg.c ****   ******************************************************************************
  18:Core/Src/usb_otg.c ****   */
  19:Core/Src/usb_otg.c **** /* USER CODE END Header */
  20:Core/Src/usb_otg.c **** /* Includes ------------------------------------------------------------------*/
  21:Core/Src/usb_otg.c **** #include "usb_otg.h"
  22:Core/Src/usb_otg.c **** 
  23:Core/Src/usb_otg.c **** /* USER CODE BEGIN 0 */
  24:Core/Src/usb_otg.c **** 
  25:Core/Src/usb_otg.c **** /* USER CODE END 0 */
  26:Core/Src/usb_otg.c **** 
  27:Core/Src/usb_otg.c **** /* USB_OTG_FS init function */
  28:Core/Src/usb_otg.c **** 
  29:Core/Src/usb_otg.c **** void MX_USB_OTG_FS_USB_Init(void)
  30:Core/Src/usb_otg.c **** {
ARM GAS  C:\Users\FIsh\AppData\Local\Temp\ccMa3Z1p.s 			page 2


  29              		.loc 1 30 1 view -0
  30              		.cfi_startproc
  31              		@ args = 0, pretend = 0, frame = 0
  32              		@ frame_needed = 0, uses_anonymous_args = 0
  33              		@ link register save eliminated.
  31:Core/Src/usb_otg.c **** 
  32:Core/Src/usb_otg.c ****   /* USER CODE BEGIN USB_OTG_FS_Init 0 */
  33:Core/Src/usb_otg.c **** 
  34:Core/Src/usb_otg.c ****   /* USER CODE END USB_OTG_FS_Init 0 */
  35:Core/Src/usb_otg.c **** 
  36:Core/Src/usb_otg.c ****   /* USER CODE BEGIN USB_OTG_FS_Init 1 */
  37:Core/Src/usb_otg.c **** 
  38:Core/Src/usb_otg.c ****   /* USER CODE END USB_OTG_FS_Init 1 */
  39:Core/Src/usb_otg.c ****   /* USER CODE BEGIN USB_OTG_FS_Init 2 */
  40:Core/Src/usb_otg.c **** 
  41:Core/Src/usb_otg.c ****   /* USER CODE END USB_OTG_FS_Init 2 */
  42:Core/Src/usb_otg.c **** 
  43:Core/Src/usb_otg.c **** }
  34              		.loc 1 43 1 view .LVU1
  35 0000 7047     		bx	lr
  36              		.cfi_endproc
  37              	.LFE130:
  39              		.text
  40              	.Letext0:
ARM GAS  C:\Users\FIsh\AppData\Local\Temp\ccMa3Z1p.s 			page 3


DEFINED SYMBOLS
                            *ABS*:00000000 usb_otg.c
C:\Users\FIsh\AppData\Local\Temp\ccMa3Z1p.s:20     .text.MX_USB_OTG_FS_USB_Init:00000000 $t
C:\Users\FIsh\AppData\Local\Temp\ccMa3Z1p.s:26     .text.MX_USB_OTG_FS_USB_Init:00000000 MX_USB_OTG_FS_USB_Init

NO UNDEFINED SYMBOLS
