ARM GAS  C:\Users\FIsh\AppData\Local\Temp\ccGPU4Dc.s 			page 1


   1              		.cpu cortex-m4
   2              		.arch armv7e-m
   3              		.fpu fpv4-sp-d16
   4              		.eabi_attribute 27, 1
   5              		.eabi_attribute 28, 1
   6              		.eabi_attribute 20, 1
   7              		.eabi_attribute 21, 1
   8              		.eabi_attribute 23, 3
   9              		.eabi_attribute 24, 1
  10              		.eabi_attribute 25, 1
  11              		.eabi_attribute 26, 1
  12              		.eabi_attribute 30, 1
  13              		.eabi_attribute 34, 1
  14              		.eabi_attribute 18, 4
  15              		.file	"usbd_desc.c"
  16              		.text
  17              	.Ltext0:
  18              		.cfi_sections	.debug_frame
  19              		.section	.text.USBD_FS_DeviceDescriptor,"ax",%progbits
  20              		.align	1
  21              		.global	USBD_FS_DeviceDescriptor
  22              		.syntax unified
  23              		.thumb
  24              		.thumb_func
  26              	USBD_FS_DeviceDescriptor:
  27              	.LVL0:
  28              	.LFB134:
  29              		.file 1 "USB_DEVICE/App/usbd_desc.c"
   1:USB_DEVICE/App/usbd_desc.c **** /* USER CODE BEGIN Header */
   2:USB_DEVICE/App/usbd_desc.c **** /**
   3:USB_DEVICE/App/usbd_desc.c ****   ******************************************************************************
   4:USB_DEVICE/App/usbd_desc.c ****   * @file           : App/usbd_desc.c
   5:USB_DEVICE/App/usbd_desc.c ****   * @version        : v1.0_Cube
   6:USB_DEVICE/App/usbd_desc.c ****   * @brief          : This file implements the USB device descriptors.
   7:USB_DEVICE/App/usbd_desc.c ****   ******************************************************************************
   8:USB_DEVICE/App/usbd_desc.c ****   * @attention
   9:USB_DEVICE/App/usbd_desc.c ****   *
  10:USB_DEVICE/App/usbd_desc.c ****   * Copyright (c) 2023 STMicroelectronics.
  11:USB_DEVICE/App/usbd_desc.c ****   * All rights reserved.
  12:USB_DEVICE/App/usbd_desc.c ****   *
  13:USB_DEVICE/App/usbd_desc.c ****   * This software is licensed under terms that can be found in the LICENSE file
  14:USB_DEVICE/App/usbd_desc.c ****   * in the root directory of this software component.
  15:USB_DEVICE/App/usbd_desc.c ****   * If no LICENSE file comes with this software, it is provided AS-IS.
  16:USB_DEVICE/App/usbd_desc.c ****   *
  17:USB_DEVICE/App/usbd_desc.c ****   ******************************************************************************
  18:USB_DEVICE/App/usbd_desc.c ****   */
  19:USB_DEVICE/App/usbd_desc.c **** /* USER CODE END Header */
  20:USB_DEVICE/App/usbd_desc.c **** 
  21:USB_DEVICE/App/usbd_desc.c **** /* Includes ------------------------------------------------------------------*/
  22:USB_DEVICE/App/usbd_desc.c **** #include "usbd_core.h"
  23:USB_DEVICE/App/usbd_desc.c **** #include "usbd_desc.h"
  24:USB_DEVICE/App/usbd_desc.c **** #include "usbd_conf.h"
  25:USB_DEVICE/App/usbd_desc.c **** 
  26:USB_DEVICE/App/usbd_desc.c **** /* USER CODE BEGIN INCLUDE */
  27:USB_DEVICE/App/usbd_desc.c **** 
  28:USB_DEVICE/App/usbd_desc.c **** /* USER CODE END INCLUDE */
  29:USB_DEVICE/App/usbd_desc.c **** 
ARM GAS  C:\Users\FIsh\AppData\Local\Temp\ccGPU4Dc.s 			page 2


  30:USB_DEVICE/App/usbd_desc.c **** /* Private typedef -----------------------------------------------------------*/
  31:USB_DEVICE/App/usbd_desc.c **** /* Private define ------------------------------------------------------------*/
  32:USB_DEVICE/App/usbd_desc.c **** /* Private macro -------------------------------------------------------------*/
  33:USB_DEVICE/App/usbd_desc.c **** 
  34:USB_DEVICE/App/usbd_desc.c **** /* USER CODE BEGIN PV */
  35:USB_DEVICE/App/usbd_desc.c **** /* Private variables ---------------------------------------------------------*/
  36:USB_DEVICE/App/usbd_desc.c **** 
  37:USB_DEVICE/App/usbd_desc.c **** /* USER CODE END PV */
  38:USB_DEVICE/App/usbd_desc.c **** 
  39:USB_DEVICE/App/usbd_desc.c **** /** @addtogroup STM32_USB_OTG_DEVICE_LIBRARY
  40:USB_DEVICE/App/usbd_desc.c ****   * @{
  41:USB_DEVICE/App/usbd_desc.c ****   */
  42:USB_DEVICE/App/usbd_desc.c **** 
  43:USB_DEVICE/App/usbd_desc.c **** /** @addtogroup USBD_DESC
  44:USB_DEVICE/App/usbd_desc.c ****   * @{
  45:USB_DEVICE/App/usbd_desc.c ****   */
  46:USB_DEVICE/App/usbd_desc.c **** 
  47:USB_DEVICE/App/usbd_desc.c **** /** @defgroup USBD_DESC_Private_TypesDefinitions USBD_DESC_Private_TypesDefinitions
  48:USB_DEVICE/App/usbd_desc.c ****   * @brief Private types.
  49:USB_DEVICE/App/usbd_desc.c ****   * @{
  50:USB_DEVICE/App/usbd_desc.c ****   */
  51:USB_DEVICE/App/usbd_desc.c **** 
  52:USB_DEVICE/App/usbd_desc.c **** /* USER CODE BEGIN PRIVATE_TYPES */
  53:USB_DEVICE/App/usbd_desc.c **** 
  54:USB_DEVICE/App/usbd_desc.c **** /* USER CODE END PRIVATE_TYPES */
  55:USB_DEVICE/App/usbd_desc.c **** 
  56:USB_DEVICE/App/usbd_desc.c **** /**
  57:USB_DEVICE/App/usbd_desc.c ****   * @}
  58:USB_DEVICE/App/usbd_desc.c ****   */
  59:USB_DEVICE/App/usbd_desc.c **** 
  60:USB_DEVICE/App/usbd_desc.c **** /** @defgroup USBD_DESC_Private_Defines USBD_DESC_Private_Defines
  61:USB_DEVICE/App/usbd_desc.c ****   * @brief Private defines.
  62:USB_DEVICE/App/usbd_desc.c ****   * @{
  63:USB_DEVICE/App/usbd_desc.c ****   */
  64:USB_DEVICE/App/usbd_desc.c **** 
  65:USB_DEVICE/App/usbd_desc.c **** #define USBD_VID     1155
  66:USB_DEVICE/App/usbd_desc.c **** #define USBD_LANGID_STRING     1033
  67:USB_DEVICE/App/usbd_desc.c **** #define USBD_MANUFACTURER_STRING     "STMicroelectronics"
  68:USB_DEVICE/App/usbd_desc.c **** #define USBD_PID_FS     22315
  69:USB_DEVICE/App/usbd_desc.c **** #define USBD_PRODUCT_STRING_FS     "STM32 Human interface"
  70:USB_DEVICE/App/usbd_desc.c **** #define USBD_CONFIGURATION_STRING_FS     "HID Config"
  71:USB_DEVICE/App/usbd_desc.c **** #define USBD_INTERFACE_STRING_FS     "HID Interface"
  72:USB_DEVICE/App/usbd_desc.c **** 
  73:USB_DEVICE/App/usbd_desc.c **** #define USB_SIZ_BOS_DESC            0x0C
  74:USB_DEVICE/App/usbd_desc.c **** 
  75:USB_DEVICE/App/usbd_desc.c **** /* USER CODE BEGIN PRIVATE_DEFINES */
  76:USB_DEVICE/App/usbd_desc.c **** 
  77:USB_DEVICE/App/usbd_desc.c **** /* USER CODE END PRIVATE_DEFINES */
  78:USB_DEVICE/App/usbd_desc.c **** 
  79:USB_DEVICE/App/usbd_desc.c **** /**
  80:USB_DEVICE/App/usbd_desc.c ****   * @}
  81:USB_DEVICE/App/usbd_desc.c ****   */
  82:USB_DEVICE/App/usbd_desc.c **** 
  83:USB_DEVICE/App/usbd_desc.c **** /* USER CODE BEGIN 0 */
  84:USB_DEVICE/App/usbd_desc.c **** 
  85:USB_DEVICE/App/usbd_desc.c **** /* USER CODE END 0 */
  86:USB_DEVICE/App/usbd_desc.c **** 
ARM GAS  C:\Users\FIsh\AppData\Local\Temp\ccGPU4Dc.s 			page 3


  87:USB_DEVICE/App/usbd_desc.c **** /** @defgroup USBD_DESC_Private_Macros USBD_DESC_Private_Macros
  88:USB_DEVICE/App/usbd_desc.c ****   * @brief Private macros.
  89:USB_DEVICE/App/usbd_desc.c ****   * @{
  90:USB_DEVICE/App/usbd_desc.c ****   */
  91:USB_DEVICE/App/usbd_desc.c **** 
  92:USB_DEVICE/App/usbd_desc.c **** /* USER CODE BEGIN PRIVATE_MACRO */
  93:USB_DEVICE/App/usbd_desc.c **** 
  94:USB_DEVICE/App/usbd_desc.c **** /* USER CODE END PRIVATE_MACRO */
  95:USB_DEVICE/App/usbd_desc.c **** 
  96:USB_DEVICE/App/usbd_desc.c **** /**
  97:USB_DEVICE/App/usbd_desc.c ****   * @}
  98:USB_DEVICE/App/usbd_desc.c ****   */
  99:USB_DEVICE/App/usbd_desc.c **** 
 100:USB_DEVICE/App/usbd_desc.c **** /** @defgroup USBD_DESC_Private_FunctionPrototypes USBD_DESC_Private_FunctionPrototypes
 101:USB_DEVICE/App/usbd_desc.c ****   * @brief Private functions declaration.
 102:USB_DEVICE/App/usbd_desc.c ****   * @{
 103:USB_DEVICE/App/usbd_desc.c ****   */
 104:USB_DEVICE/App/usbd_desc.c **** 
 105:USB_DEVICE/App/usbd_desc.c **** static void Get_SerialNum(void);
 106:USB_DEVICE/App/usbd_desc.c **** static void IntToUnicode(uint32_t value, uint8_t * pbuf, uint8_t len);
 107:USB_DEVICE/App/usbd_desc.c **** 
 108:USB_DEVICE/App/usbd_desc.c **** /**
 109:USB_DEVICE/App/usbd_desc.c ****   * @}
 110:USB_DEVICE/App/usbd_desc.c ****   */
 111:USB_DEVICE/App/usbd_desc.c **** 
 112:USB_DEVICE/App/usbd_desc.c **** /** @defgroup USBD_DESC_Private_FunctionPrototypes USBD_DESC_Private_FunctionPrototypes
 113:USB_DEVICE/App/usbd_desc.c ****   * @brief Private functions declaration for FS.
 114:USB_DEVICE/App/usbd_desc.c ****   * @{
 115:USB_DEVICE/App/usbd_desc.c ****   */
 116:USB_DEVICE/App/usbd_desc.c **** 
 117:USB_DEVICE/App/usbd_desc.c **** uint8_t * USBD_FS_DeviceDescriptor(USBD_SpeedTypeDef speed, uint16_t *length);
 118:USB_DEVICE/App/usbd_desc.c **** uint8_t * USBD_FS_LangIDStrDescriptor(USBD_SpeedTypeDef speed, uint16_t *length);
 119:USB_DEVICE/App/usbd_desc.c **** uint8_t * USBD_FS_ManufacturerStrDescriptor(USBD_SpeedTypeDef speed, uint16_t *length);
 120:USB_DEVICE/App/usbd_desc.c **** uint8_t * USBD_FS_ProductStrDescriptor(USBD_SpeedTypeDef speed, uint16_t *length);
 121:USB_DEVICE/App/usbd_desc.c **** uint8_t * USBD_FS_SerialStrDescriptor(USBD_SpeedTypeDef speed, uint16_t *length);
 122:USB_DEVICE/App/usbd_desc.c **** uint8_t * USBD_FS_ConfigStrDescriptor(USBD_SpeedTypeDef speed, uint16_t *length);
 123:USB_DEVICE/App/usbd_desc.c **** uint8_t * USBD_FS_InterfaceStrDescriptor(USBD_SpeedTypeDef speed, uint16_t *length);
 124:USB_DEVICE/App/usbd_desc.c **** #if (USBD_LPM_ENABLED == 1)
 125:USB_DEVICE/App/usbd_desc.c **** uint8_t * USBD_FS_USR_BOSDescriptor(USBD_SpeedTypeDef speed, uint16_t *length);
 126:USB_DEVICE/App/usbd_desc.c **** #endif /* (USBD_LPM_ENABLED == 1) */
 127:USB_DEVICE/App/usbd_desc.c **** 
 128:USB_DEVICE/App/usbd_desc.c **** /**
 129:USB_DEVICE/App/usbd_desc.c ****   * @}
 130:USB_DEVICE/App/usbd_desc.c ****   */
 131:USB_DEVICE/App/usbd_desc.c **** 
 132:USB_DEVICE/App/usbd_desc.c **** /** @defgroup USBD_DESC_Private_Variables USBD_DESC_Private_Variables
 133:USB_DEVICE/App/usbd_desc.c ****   * @brief Private variables.
 134:USB_DEVICE/App/usbd_desc.c ****   * @{
 135:USB_DEVICE/App/usbd_desc.c ****   */
 136:USB_DEVICE/App/usbd_desc.c **** 
 137:USB_DEVICE/App/usbd_desc.c **** USBD_DescriptorsTypeDef FS_Desc =
 138:USB_DEVICE/App/usbd_desc.c **** {
 139:USB_DEVICE/App/usbd_desc.c ****   USBD_FS_DeviceDescriptor
 140:USB_DEVICE/App/usbd_desc.c **** , USBD_FS_LangIDStrDescriptor
 141:USB_DEVICE/App/usbd_desc.c **** , USBD_FS_ManufacturerStrDescriptor
 142:USB_DEVICE/App/usbd_desc.c **** , USBD_FS_ProductStrDescriptor
 143:USB_DEVICE/App/usbd_desc.c **** , USBD_FS_SerialStrDescriptor
ARM GAS  C:\Users\FIsh\AppData\Local\Temp\ccGPU4Dc.s 			page 4


 144:USB_DEVICE/App/usbd_desc.c **** , USBD_FS_ConfigStrDescriptor
 145:USB_DEVICE/App/usbd_desc.c **** , USBD_FS_InterfaceStrDescriptor
 146:USB_DEVICE/App/usbd_desc.c **** #if (USBD_LPM_ENABLED == 1)
 147:USB_DEVICE/App/usbd_desc.c **** , USBD_FS_USR_BOSDescriptor
 148:USB_DEVICE/App/usbd_desc.c **** #endif /* (USBD_LPM_ENABLED == 1) */
 149:USB_DEVICE/App/usbd_desc.c **** };
 150:USB_DEVICE/App/usbd_desc.c **** 
 151:USB_DEVICE/App/usbd_desc.c **** #if defined ( __ICCARM__ ) /* IAR Compiler */
 152:USB_DEVICE/App/usbd_desc.c ****   #pragma data_alignment=4
 153:USB_DEVICE/App/usbd_desc.c **** #endif /* defined ( __ICCARM__ ) */
 154:USB_DEVICE/App/usbd_desc.c **** /** USB standard device descriptor. */
 155:USB_DEVICE/App/usbd_desc.c **** __ALIGN_BEGIN uint8_t USBD_FS_DeviceDesc[USB_LEN_DEV_DESC] __ALIGN_END =
 156:USB_DEVICE/App/usbd_desc.c **** {
 157:USB_DEVICE/App/usbd_desc.c ****   0x12,                       /*bLength */
 158:USB_DEVICE/App/usbd_desc.c ****   USB_DESC_TYPE_DEVICE,       /*bDescriptorType*/
 159:USB_DEVICE/App/usbd_desc.c **** #if (USBD_LPM_ENABLED == 1)
 160:USB_DEVICE/App/usbd_desc.c ****   0x01,                       /*bcdUSB */ /* changed to USB version 2.01
 161:USB_DEVICE/App/usbd_desc.c ****                                              in order to support LPM L1 suspend
 162:USB_DEVICE/App/usbd_desc.c ****                                              resume test of USBCV3.0*/
 163:USB_DEVICE/App/usbd_desc.c **** #else
 164:USB_DEVICE/App/usbd_desc.c ****   0x00,                       /*bcdUSB */
 165:USB_DEVICE/App/usbd_desc.c **** #endif /* (USBD_LPM_ENABLED == 1) */
 166:USB_DEVICE/App/usbd_desc.c ****   0x02,
 167:USB_DEVICE/App/usbd_desc.c ****   0x00,                       /*bDeviceClass*/
 168:USB_DEVICE/App/usbd_desc.c ****   0x00,                       /*bDeviceSubClass*/
 169:USB_DEVICE/App/usbd_desc.c ****   0x00,                       /*bDeviceProtocol*/
 170:USB_DEVICE/App/usbd_desc.c ****   USB_MAX_EP0_SIZE,           /*bMaxPacketSize*/
 171:USB_DEVICE/App/usbd_desc.c ****   LOBYTE(USBD_VID),           /*idVendor*/
 172:USB_DEVICE/App/usbd_desc.c ****   HIBYTE(USBD_VID),           /*idVendor*/
 173:USB_DEVICE/App/usbd_desc.c ****   LOBYTE(USBD_PID_FS),        /*idProduct*/
 174:USB_DEVICE/App/usbd_desc.c ****   HIBYTE(USBD_PID_FS),        /*idProduct*/
 175:USB_DEVICE/App/usbd_desc.c ****   0x00,                       /*bcdDevice rel. 2.00*/
 176:USB_DEVICE/App/usbd_desc.c ****   0x02,
 177:USB_DEVICE/App/usbd_desc.c ****   USBD_IDX_MFC_STR,           /*Index of manufacturer  string*/
 178:USB_DEVICE/App/usbd_desc.c ****   USBD_IDX_PRODUCT_STR,       /*Index of product string*/
 179:USB_DEVICE/App/usbd_desc.c ****   USBD_IDX_SERIAL_STR,        /*Index of serial number string*/
 180:USB_DEVICE/App/usbd_desc.c ****   USBD_MAX_NUM_CONFIGURATION  /*bNumConfigurations*/
 181:USB_DEVICE/App/usbd_desc.c **** };
 182:USB_DEVICE/App/usbd_desc.c **** 
 183:USB_DEVICE/App/usbd_desc.c **** /* USB_DeviceDescriptor */
 184:USB_DEVICE/App/usbd_desc.c **** /** BOS descriptor. */
 185:USB_DEVICE/App/usbd_desc.c **** #if (USBD_LPM_ENABLED == 1)
 186:USB_DEVICE/App/usbd_desc.c **** #if defined ( __ICCARM__ ) /* IAR Compiler */
 187:USB_DEVICE/App/usbd_desc.c ****   #pragma data_alignment=4
 188:USB_DEVICE/App/usbd_desc.c **** #endif /* defined ( __ICCARM__ ) */
 189:USB_DEVICE/App/usbd_desc.c **** __ALIGN_BEGIN uint8_t USBD_FS_BOSDesc[USB_SIZ_BOS_DESC] __ALIGN_END =
 190:USB_DEVICE/App/usbd_desc.c **** {
 191:USB_DEVICE/App/usbd_desc.c ****   0x5,
 192:USB_DEVICE/App/usbd_desc.c ****   USB_DESC_TYPE_BOS,
 193:USB_DEVICE/App/usbd_desc.c ****   0xC,
 194:USB_DEVICE/App/usbd_desc.c ****   0x0,
 195:USB_DEVICE/App/usbd_desc.c ****   0x1,  /* 1 device capability*/
 196:USB_DEVICE/App/usbd_desc.c ****         /* device capability*/
 197:USB_DEVICE/App/usbd_desc.c ****   0x7,
 198:USB_DEVICE/App/usbd_desc.c ****   USB_DEVICE_CAPABITY_TYPE,
 199:USB_DEVICE/App/usbd_desc.c ****   0x2,
 200:USB_DEVICE/App/usbd_desc.c ****   0x2,  /* LPM capability bit set*/
ARM GAS  C:\Users\FIsh\AppData\Local\Temp\ccGPU4Dc.s 			page 5


 201:USB_DEVICE/App/usbd_desc.c ****   0x0,
 202:USB_DEVICE/App/usbd_desc.c ****   0x0,
 203:USB_DEVICE/App/usbd_desc.c ****   0x0
 204:USB_DEVICE/App/usbd_desc.c **** };
 205:USB_DEVICE/App/usbd_desc.c **** #endif /* (USBD_LPM_ENABLED == 1) */
 206:USB_DEVICE/App/usbd_desc.c **** 
 207:USB_DEVICE/App/usbd_desc.c **** /**
 208:USB_DEVICE/App/usbd_desc.c ****   * @}
 209:USB_DEVICE/App/usbd_desc.c ****   */
 210:USB_DEVICE/App/usbd_desc.c **** 
 211:USB_DEVICE/App/usbd_desc.c **** /** @defgroup USBD_DESC_Private_Variables USBD_DESC_Private_Variables
 212:USB_DEVICE/App/usbd_desc.c ****   * @brief Private variables.
 213:USB_DEVICE/App/usbd_desc.c ****   * @{
 214:USB_DEVICE/App/usbd_desc.c ****   */
 215:USB_DEVICE/App/usbd_desc.c **** 
 216:USB_DEVICE/App/usbd_desc.c **** #if defined ( __ICCARM__ ) /* IAR Compiler */
 217:USB_DEVICE/App/usbd_desc.c ****   #pragma data_alignment=4
 218:USB_DEVICE/App/usbd_desc.c **** #endif /* defined ( __ICCARM__ ) */
 219:USB_DEVICE/App/usbd_desc.c **** 
 220:USB_DEVICE/App/usbd_desc.c **** /** USB lang identifier descriptor. */
 221:USB_DEVICE/App/usbd_desc.c **** __ALIGN_BEGIN uint8_t USBD_LangIDDesc[USB_LEN_LANGID_STR_DESC] __ALIGN_END =
 222:USB_DEVICE/App/usbd_desc.c **** {
 223:USB_DEVICE/App/usbd_desc.c ****      USB_LEN_LANGID_STR_DESC,
 224:USB_DEVICE/App/usbd_desc.c ****      USB_DESC_TYPE_STRING,
 225:USB_DEVICE/App/usbd_desc.c ****      LOBYTE(USBD_LANGID_STRING),
 226:USB_DEVICE/App/usbd_desc.c ****      HIBYTE(USBD_LANGID_STRING)
 227:USB_DEVICE/App/usbd_desc.c **** };
 228:USB_DEVICE/App/usbd_desc.c **** 
 229:USB_DEVICE/App/usbd_desc.c **** #if defined ( __ICCARM__ ) /* IAR Compiler */
 230:USB_DEVICE/App/usbd_desc.c ****   #pragma data_alignment=4
 231:USB_DEVICE/App/usbd_desc.c **** #endif /* defined ( __ICCARM__ ) */
 232:USB_DEVICE/App/usbd_desc.c **** /* Internal string descriptor. */
 233:USB_DEVICE/App/usbd_desc.c **** __ALIGN_BEGIN uint8_t USBD_StrDesc[USBD_MAX_STR_DESC_SIZ] __ALIGN_END;
 234:USB_DEVICE/App/usbd_desc.c **** 
 235:USB_DEVICE/App/usbd_desc.c **** #if defined ( __ICCARM__ ) /*!< IAR Compiler */
 236:USB_DEVICE/App/usbd_desc.c ****   #pragma data_alignment=4
 237:USB_DEVICE/App/usbd_desc.c **** #endif
 238:USB_DEVICE/App/usbd_desc.c **** __ALIGN_BEGIN uint8_t USBD_StringSerial[USB_SIZ_STRING_SERIAL] __ALIGN_END = {
 239:USB_DEVICE/App/usbd_desc.c ****   USB_SIZ_STRING_SERIAL,
 240:USB_DEVICE/App/usbd_desc.c ****   USB_DESC_TYPE_STRING,
 241:USB_DEVICE/App/usbd_desc.c **** };
 242:USB_DEVICE/App/usbd_desc.c **** 
 243:USB_DEVICE/App/usbd_desc.c **** /**
 244:USB_DEVICE/App/usbd_desc.c ****   * @}
 245:USB_DEVICE/App/usbd_desc.c ****   */
 246:USB_DEVICE/App/usbd_desc.c **** 
 247:USB_DEVICE/App/usbd_desc.c **** /** @defgroup USBD_DESC_Private_Functions USBD_DESC_Private_Functions
 248:USB_DEVICE/App/usbd_desc.c ****   * @brief Private functions.
 249:USB_DEVICE/App/usbd_desc.c ****   * @{
 250:USB_DEVICE/App/usbd_desc.c ****   */
 251:USB_DEVICE/App/usbd_desc.c **** 
 252:USB_DEVICE/App/usbd_desc.c **** /**
 253:USB_DEVICE/App/usbd_desc.c ****   * @brief  Return the device descriptor
 254:USB_DEVICE/App/usbd_desc.c ****   * @param  speed : Current device speed
 255:USB_DEVICE/App/usbd_desc.c ****   * @param  length : Pointer to data length variable
 256:USB_DEVICE/App/usbd_desc.c ****   * @retval Pointer to descriptor buffer
 257:USB_DEVICE/App/usbd_desc.c ****   */
ARM GAS  C:\Users\FIsh\AppData\Local\Temp\ccGPU4Dc.s 			page 6


 258:USB_DEVICE/App/usbd_desc.c **** uint8_t * USBD_FS_DeviceDescriptor(USBD_SpeedTypeDef speed, uint16_t *length)
 259:USB_DEVICE/App/usbd_desc.c **** {
  30              		.loc 1 259 1 view -0
  31              		.cfi_startproc
  32              		@ args = 0, pretend = 0, frame = 0
  33              		@ frame_needed = 0, uses_anonymous_args = 0
  34              		@ link register save eliminated.
 260:USB_DEVICE/App/usbd_desc.c ****   UNUSED(speed);
  35              		.loc 1 260 3 view .LVU1
 261:USB_DEVICE/App/usbd_desc.c ****   *length = sizeof(USBD_FS_DeviceDesc);
  36              		.loc 1 261 3 view .LVU2
  37              		.loc 1 261 11 is_stmt 0 view .LVU3
  38 0000 1223     		movs	r3, #18
  39 0002 0B80     		strh	r3, [r1]	@ movhi
 262:USB_DEVICE/App/usbd_desc.c ****   return USBD_FS_DeviceDesc;
  40              		.loc 1 262 3 is_stmt 1 view .LVU4
 263:USB_DEVICE/App/usbd_desc.c **** }
  41              		.loc 1 263 1 is_stmt 0 view .LVU5
  42 0004 0048     		ldr	r0, .L2
  43              	.LVL1:
  44              		.loc 1 263 1 view .LVU6
  45 0006 7047     		bx	lr
  46              	.L3:
  47              		.align	2
  48              	.L2:
  49 0008 00000000 		.word	.LANCHOR0
  50              		.cfi_endproc
  51              	.LFE134:
  53              		.section	.text.USBD_FS_LangIDStrDescriptor,"ax",%progbits
  54              		.align	1
  55              		.global	USBD_FS_LangIDStrDescriptor
  56              		.syntax unified
  57              		.thumb
  58              		.thumb_func
  60              	USBD_FS_LangIDStrDescriptor:
  61              	.LVL2:
  62              	.LFB135:
 264:USB_DEVICE/App/usbd_desc.c **** 
 265:USB_DEVICE/App/usbd_desc.c **** /**
 266:USB_DEVICE/App/usbd_desc.c ****   * @brief  Return the LangID string descriptor
 267:USB_DEVICE/App/usbd_desc.c ****   * @param  speed : Current device speed
 268:USB_DEVICE/App/usbd_desc.c ****   * @param  length : Pointer to data length variable
 269:USB_DEVICE/App/usbd_desc.c ****   * @retval Pointer to descriptor buffer
 270:USB_DEVICE/App/usbd_desc.c ****   */
 271:USB_DEVICE/App/usbd_desc.c **** uint8_t * USBD_FS_LangIDStrDescriptor(USBD_SpeedTypeDef speed, uint16_t *length)
 272:USB_DEVICE/App/usbd_desc.c **** {
  63              		.loc 1 272 1 is_stmt 1 view -0
  64              		.cfi_startproc
  65              		@ args = 0, pretend = 0, frame = 0
  66              		@ frame_needed = 0, uses_anonymous_args = 0
  67              		@ link register save eliminated.
 273:USB_DEVICE/App/usbd_desc.c ****   UNUSED(speed);
  68              		.loc 1 273 3 view .LVU8
 274:USB_DEVICE/App/usbd_desc.c ****   *length = sizeof(USBD_LangIDDesc);
  69              		.loc 1 274 3 view .LVU9
  70              		.loc 1 274 11 is_stmt 0 view .LVU10
  71 0000 0423     		movs	r3, #4
ARM GAS  C:\Users\FIsh\AppData\Local\Temp\ccGPU4Dc.s 			page 7


  72 0002 0B80     		strh	r3, [r1]	@ movhi
 275:USB_DEVICE/App/usbd_desc.c ****   return USBD_LangIDDesc;
  73              		.loc 1 275 3 is_stmt 1 view .LVU11
 276:USB_DEVICE/App/usbd_desc.c **** }
  74              		.loc 1 276 1 is_stmt 0 view .LVU12
  75 0004 0048     		ldr	r0, .L5
  76              	.LVL3:
  77              		.loc 1 276 1 view .LVU13
  78 0006 7047     		bx	lr
  79              	.L6:
  80              		.align	2
  81              	.L5:
  82 0008 00000000 		.word	.LANCHOR1
  83              		.cfi_endproc
  84              	.LFE135:
  86              		.section	.text.IntToUnicode,"ax",%progbits
  87              		.align	1
  88              		.syntax unified
  89              		.thumb
  90              		.thumb_func
  92              	IntToUnicode:
  93              	.LVL4:
  94              	.LFB142:
 277:USB_DEVICE/App/usbd_desc.c **** 
 278:USB_DEVICE/App/usbd_desc.c **** /**
 279:USB_DEVICE/App/usbd_desc.c ****   * @brief  Return the product string descriptor
 280:USB_DEVICE/App/usbd_desc.c ****   * @param  speed : Current device speed
 281:USB_DEVICE/App/usbd_desc.c ****   * @param  length : Pointer to data length variable
 282:USB_DEVICE/App/usbd_desc.c ****   * @retval Pointer to descriptor buffer
 283:USB_DEVICE/App/usbd_desc.c ****   */
 284:USB_DEVICE/App/usbd_desc.c **** uint8_t * USBD_FS_ProductStrDescriptor(USBD_SpeedTypeDef speed, uint16_t *length)
 285:USB_DEVICE/App/usbd_desc.c **** {
 286:USB_DEVICE/App/usbd_desc.c ****   if(speed == 0)
 287:USB_DEVICE/App/usbd_desc.c ****   {
 288:USB_DEVICE/App/usbd_desc.c ****     USBD_GetString((uint8_t *)USBD_PRODUCT_STRING_FS, USBD_StrDesc, length);
 289:USB_DEVICE/App/usbd_desc.c ****   }
 290:USB_DEVICE/App/usbd_desc.c ****   else
 291:USB_DEVICE/App/usbd_desc.c ****   {
 292:USB_DEVICE/App/usbd_desc.c ****     USBD_GetString((uint8_t *)USBD_PRODUCT_STRING_FS, USBD_StrDesc, length);
 293:USB_DEVICE/App/usbd_desc.c ****   }
 294:USB_DEVICE/App/usbd_desc.c ****   return USBD_StrDesc;
 295:USB_DEVICE/App/usbd_desc.c **** }
 296:USB_DEVICE/App/usbd_desc.c **** 
 297:USB_DEVICE/App/usbd_desc.c **** /**
 298:USB_DEVICE/App/usbd_desc.c ****   * @brief  Return the manufacturer string descriptor
 299:USB_DEVICE/App/usbd_desc.c ****   * @param  speed : Current device speed
 300:USB_DEVICE/App/usbd_desc.c ****   * @param  length : Pointer to data length variable
 301:USB_DEVICE/App/usbd_desc.c ****   * @retval Pointer to descriptor buffer
 302:USB_DEVICE/App/usbd_desc.c ****   */
 303:USB_DEVICE/App/usbd_desc.c **** uint8_t * USBD_FS_ManufacturerStrDescriptor(USBD_SpeedTypeDef speed, uint16_t *length)
 304:USB_DEVICE/App/usbd_desc.c **** {
 305:USB_DEVICE/App/usbd_desc.c ****   UNUSED(speed);
 306:USB_DEVICE/App/usbd_desc.c ****   USBD_GetString((uint8_t *)USBD_MANUFACTURER_STRING, USBD_StrDesc, length);
 307:USB_DEVICE/App/usbd_desc.c ****   return USBD_StrDesc;
 308:USB_DEVICE/App/usbd_desc.c **** }
 309:USB_DEVICE/App/usbd_desc.c **** 
 310:USB_DEVICE/App/usbd_desc.c **** /**
ARM GAS  C:\Users\FIsh\AppData\Local\Temp\ccGPU4Dc.s 			page 8


 311:USB_DEVICE/App/usbd_desc.c ****   * @brief  Return the serial number string descriptor
 312:USB_DEVICE/App/usbd_desc.c ****   * @param  speed : Current device speed
 313:USB_DEVICE/App/usbd_desc.c ****   * @param  length : Pointer to data length variable
 314:USB_DEVICE/App/usbd_desc.c ****   * @retval Pointer to descriptor buffer
 315:USB_DEVICE/App/usbd_desc.c ****   */
 316:USB_DEVICE/App/usbd_desc.c **** uint8_t * USBD_FS_SerialStrDescriptor(USBD_SpeedTypeDef speed, uint16_t *length)
 317:USB_DEVICE/App/usbd_desc.c **** {
 318:USB_DEVICE/App/usbd_desc.c ****   UNUSED(speed);
 319:USB_DEVICE/App/usbd_desc.c ****   *length = USB_SIZ_STRING_SERIAL;
 320:USB_DEVICE/App/usbd_desc.c **** 
 321:USB_DEVICE/App/usbd_desc.c ****   /* Update the serial number string descriptor with the data from the unique
 322:USB_DEVICE/App/usbd_desc.c ****    * ID */
 323:USB_DEVICE/App/usbd_desc.c ****   Get_SerialNum();
 324:USB_DEVICE/App/usbd_desc.c ****   /* USER CODE BEGIN USBD_FS_SerialStrDescriptor */
 325:USB_DEVICE/App/usbd_desc.c **** 
 326:USB_DEVICE/App/usbd_desc.c ****   /* USER CODE END USBD_FS_SerialStrDescriptor */
 327:USB_DEVICE/App/usbd_desc.c ****   return (uint8_t *) USBD_StringSerial;
 328:USB_DEVICE/App/usbd_desc.c **** }
 329:USB_DEVICE/App/usbd_desc.c **** 
 330:USB_DEVICE/App/usbd_desc.c **** /**
 331:USB_DEVICE/App/usbd_desc.c ****   * @brief  Return the configuration string descriptor
 332:USB_DEVICE/App/usbd_desc.c ****   * @param  speed : Current device speed
 333:USB_DEVICE/App/usbd_desc.c ****   * @param  length : Pointer to data length variable
 334:USB_DEVICE/App/usbd_desc.c ****   * @retval Pointer to descriptor buffer
 335:USB_DEVICE/App/usbd_desc.c ****   */
 336:USB_DEVICE/App/usbd_desc.c **** uint8_t * USBD_FS_ConfigStrDescriptor(USBD_SpeedTypeDef speed, uint16_t *length)
 337:USB_DEVICE/App/usbd_desc.c **** {
 338:USB_DEVICE/App/usbd_desc.c ****   if(speed == USBD_SPEED_HIGH)
 339:USB_DEVICE/App/usbd_desc.c ****   {
 340:USB_DEVICE/App/usbd_desc.c ****     USBD_GetString((uint8_t *)USBD_CONFIGURATION_STRING_FS, USBD_StrDesc, length);
 341:USB_DEVICE/App/usbd_desc.c ****   }
 342:USB_DEVICE/App/usbd_desc.c ****   else
 343:USB_DEVICE/App/usbd_desc.c ****   {
 344:USB_DEVICE/App/usbd_desc.c ****     USBD_GetString((uint8_t *)USBD_CONFIGURATION_STRING_FS, USBD_StrDesc, length);
 345:USB_DEVICE/App/usbd_desc.c ****   }
 346:USB_DEVICE/App/usbd_desc.c ****   return USBD_StrDesc;
 347:USB_DEVICE/App/usbd_desc.c **** }
 348:USB_DEVICE/App/usbd_desc.c **** 
 349:USB_DEVICE/App/usbd_desc.c **** /**
 350:USB_DEVICE/App/usbd_desc.c ****   * @brief  Return the interface string descriptor
 351:USB_DEVICE/App/usbd_desc.c ****   * @param  speed : Current device speed
 352:USB_DEVICE/App/usbd_desc.c ****   * @param  length : Pointer to data length variable
 353:USB_DEVICE/App/usbd_desc.c ****   * @retval Pointer to descriptor buffer
 354:USB_DEVICE/App/usbd_desc.c ****   */
 355:USB_DEVICE/App/usbd_desc.c **** uint8_t * USBD_FS_InterfaceStrDescriptor(USBD_SpeedTypeDef speed, uint16_t *length)
 356:USB_DEVICE/App/usbd_desc.c **** {
 357:USB_DEVICE/App/usbd_desc.c ****   if(speed == 0)
 358:USB_DEVICE/App/usbd_desc.c ****   {
 359:USB_DEVICE/App/usbd_desc.c ****     USBD_GetString((uint8_t *)USBD_INTERFACE_STRING_FS, USBD_StrDesc, length);
 360:USB_DEVICE/App/usbd_desc.c ****   }
 361:USB_DEVICE/App/usbd_desc.c ****   else
 362:USB_DEVICE/App/usbd_desc.c ****   {
 363:USB_DEVICE/App/usbd_desc.c ****     USBD_GetString((uint8_t *)USBD_INTERFACE_STRING_FS, USBD_StrDesc, length);
 364:USB_DEVICE/App/usbd_desc.c ****   }
 365:USB_DEVICE/App/usbd_desc.c ****   return USBD_StrDesc;
 366:USB_DEVICE/App/usbd_desc.c **** }
 367:USB_DEVICE/App/usbd_desc.c **** 
ARM GAS  C:\Users\FIsh\AppData\Local\Temp\ccGPU4Dc.s 			page 9


 368:USB_DEVICE/App/usbd_desc.c **** #if (USBD_LPM_ENABLED == 1)
 369:USB_DEVICE/App/usbd_desc.c **** /**
 370:USB_DEVICE/App/usbd_desc.c ****   * @brief  Return the BOS descriptor
 371:USB_DEVICE/App/usbd_desc.c ****   * @param  speed : Current device speed
 372:USB_DEVICE/App/usbd_desc.c ****   * @param  length : Pointer to data length variable
 373:USB_DEVICE/App/usbd_desc.c ****   * @retval Pointer to descriptor buffer
 374:USB_DEVICE/App/usbd_desc.c ****   */
 375:USB_DEVICE/App/usbd_desc.c **** uint8_t * USBD_FS_USR_BOSDescriptor(USBD_SpeedTypeDef speed, uint16_t *length)
 376:USB_DEVICE/App/usbd_desc.c **** {
 377:USB_DEVICE/App/usbd_desc.c ****   UNUSED(speed);
 378:USB_DEVICE/App/usbd_desc.c ****   *length = sizeof(USBD_FS_BOSDesc);
 379:USB_DEVICE/App/usbd_desc.c ****   return (uint8_t*)USBD_FS_BOSDesc;
 380:USB_DEVICE/App/usbd_desc.c **** }
 381:USB_DEVICE/App/usbd_desc.c **** #endif /* (USBD_LPM_ENABLED == 1) */
 382:USB_DEVICE/App/usbd_desc.c **** 
 383:USB_DEVICE/App/usbd_desc.c **** /**
 384:USB_DEVICE/App/usbd_desc.c ****   * @brief  Create the serial number string descriptor
 385:USB_DEVICE/App/usbd_desc.c ****   * @param  None
 386:USB_DEVICE/App/usbd_desc.c ****   * @retval None
 387:USB_DEVICE/App/usbd_desc.c ****   */
 388:USB_DEVICE/App/usbd_desc.c **** static void Get_SerialNum(void)
 389:USB_DEVICE/App/usbd_desc.c **** {
 390:USB_DEVICE/App/usbd_desc.c ****   uint32_t deviceserial0;
 391:USB_DEVICE/App/usbd_desc.c ****   uint32_t deviceserial1;
 392:USB_DEVICE/App/usbd_desc.c ****   uint32_t deviceserial2;
 393:USB_DEVICE/App/usbd_desc.c **** 
 394:USB_DEVICE/App/usbd_desc.c ****   deviceserial0 = *(uint32_t *) DEVICE_ID1;
 395:USB_DEVICE/App/usbd_desc.c ****   deviceserial1 = *(uint32_t *) DEVICE_ID2;
 396:USB_DEVICE/App/usbd_desc.c ****   deviceserial2 = *(uint32_t *) DEVICE_ID3;
 397:USB_DEVICE/App/usbd_desc.c **** 
 398:USB_DEVICE/App/usbd_desc.c ****   deviceserial0 += deviceserial2;
 399:USB_DEVICE/App/usbd_desc.c **** 
 400:USB_DEVICE/App/usbd_desc.c ****   if (deviceserial0 != 0)
 401:USB_DEVICE/App/usbd_desc.c ****   {
 402:USB_DEVICE/App/usbd_desc.c ****     IntToUnicode(deviceserial0, &USBD_StringSerial[2], 8);
 403:USB_DEVICE/App/usbd_desc.c ****     IntToUnicode(deviceserial1, &USBD_StringSerial[18], 4);
 404:USB_DEVICE/App/usbd_desc.c ****   }
 405:USB_DEVICE/App/usbd_desc.c **** }
 406:USB_DEVICE/App/usbd_desc.c **** 
 407:USB_DEVICE/App/usbd_desc.c **** /**
 408:USB_DEVICE/App/usbd_desc.c ****   * @brief  Convert Hex 32Bits value into char
 409:USB_DEVICE/App/usbd_desc.c ****   * @param  value: value to convert
 410:USB_DEVICE/App/usbd_desc.c ****   * @param  pbuf: pointer to the buffer
 411:USB_DEVICE/App/usbd_desc.c ****   * @param  len: buffer length
 412:USB_DEVICE/App/usbd_desc.c ****   * @retval None
 413:USB_DEVICE/App/usbd_desc.c ****   */
 414:USB_DEVICE/App/usbd_desc.c **** static void IntToUnicode(uint32_t value, uint8_t * pbuf, uint8_t len)
 415:USB_DEVICE/App/usbd_desc.c **** {
  95              		.loc 1 415 1 is_stmt 1 view -0
  96              		.cfi_startproc
  97              		@ args = 0, pretend = 0, frame = 0
  98              		@ frame_needed = 0, uses_anonymous_args = 0
 416:USB_DEVICE/App/usbd_desc.c ****   uint8_t idx = 0;
  99              		.loc 1 416 3 view .LVU15
 417:USB_DEVICE/App/usbd_desc.c **** 
 418:USB_DEVICE/App/usbd_desc.c ****   for (idx = 0; idx < len; idx++)
 100              		.loc 1 418 3 view .LVU16
ARM GAS  C:\Users\FIsh\AppData\Local\Temp\ccGPU4Dc.s 			page 10


 101              		.loc 1 418 12 is_stmt 0 view .LVU17
 102 0000 0023     		movs	r3, #0
 103              	.LVL5:
 104              		.loc 1 418 17 is_stmt 1 view .LVU18
 105              		.loc 1 418 3 is_stmt 0 view .LVU19
 106 0002 9342     		cmp	r3, r2
 107 0004 1ED2     		bcs	.L15
 415:USB_DEVICE/App/usbd_desc.c ****   uint8_t idx = 0;
 108              		.loc 1 415 1 view .LVU20
 109 0006 00B5     		push	{lr}
 110              	.LCFI0:
 111              		.cfi_def_cfa_offset 4
 112              		.cfi_offset 14, -4
 113 0008 10E0     		b	.L11
 114              	.L9:
 419:USB_DEVICE/App/usbd_desc.c ****   {
 420:USB_DEVICE/App/usbd_desc.c ****     if (((value >> 28)) < 0xA)
 421:USB_DEVICE/App/usbd_desc.c ****     {
 422:USB_DEVICE/App/usbd_desc.c ****       pbuf[2 * idx] = (value >> 28) + '0';
 423:USB_DEVICE/App/usbd_desc.c ****     }
 424:USB_DEVICE/App/usbd_desc.c ****     else
 425:USB_DEVICE/App/usbd_desc.c ****     {
 426:USB_DEVICE/App/usbd_desc.c ****       pbuf[2 * idx] = (value >> 28) + 'A' - 10;
 115              		.loc 1 426 7 is_stmt 1 view .LVU21
 116              		.loc 1 426 43 is_stmt 0 view .LVU22
 117 000a 0CF1370C 		add	ip, ip, #55
 118              		.loc 1 426 21 view .LVU23
 119 000e 01F813C0 		strb	ip, [r1, r3, lsl #1]
 120              	.L10:
 427:USB_DEVICE/App/usbd_desc.c ****     }
 428:USB_DEVICE/App/usbd_desc.c **** 
 429:USB_DEVICE/App/usbd_desc.c ****     value = value << 4;
 121              		.loc 1 429 5 is_stmt 1 discriminator 2 view .LVU24
 122              		.loc 1 429 11 is_stmt 0 discriminator 2 view .LVU25
 123 0012 0001     		lsls	r0, r0, #4
 124              	.LVL6:
 430:USB_DEVICE/App/usbd_desc.c **** 
 431:USB_DEVICE/App/usbd_desc.c ****     pbuf[2 * idx + 1] = 0;
 125              		.loc 1 431 5 is_stmt 1 discriminator 2 view .LVU26
 126              		.loc 1 431 12 is_stmt 0 discriminator 2 view .LVU27
 127 0014 4FEA430C 		lsl	ip, r3, #1
 128              		.loc 1 431 9 discriminator 2 view .LVU28
 129 0018 0CF1010C 		add	ip, ip, #1
 130              		.loc 1 431 23 discriminator 2 view .LVU29
 131 001c 4FF0000E 		mov	lr, #0
 132 0020 01F80CE0 		strb	lr, [r1, ip]
 418:USB_DEVICE/App/usbd_desc.c ****   {
 133              		.loc 1 418 28 is_stmt 1 discriminator 2 view .LVU30
 418:USB_DEVICE/App/usbd_desc.c ****   {
 134              		.loc 1 418 31 is_stmt 0 discriminator 2 view .LVU31
 135 0024 0133     		adds	r3, r3, #1
 136              	.LVL7:
 418:USB_DEVICE/App/usbd_desc.c ****   {
 137              		.loc 1 418 31 discriminator 2 view .LVU32
 138 0026 DBB2     		uxtb	r3, r3
 139              	.LVL8:
 418:USB_DEVICE/App/usbd_desc.c ****   {
ARM GAS  C:\Users\FIsh\AppData\Local\Temp\ccGPU4Dc.s 			page 11


 140              		.loc 1 418 17 is_stmt 1 discriminator 2 view .LVU33
 418:USB_DEVICE/App/usbd_desc.c ****   {
 141              		.loc 1 418 3 is_stmt 0 discriminator 2 view .LVU34
 142 0028 9342     		cmp	r3, r2
 143 002a 09D2     		bcs	.L16
 144              	.L11:
 420:USB_DEVICE/App/usbd_desc.c ****     {
 145              		.loc 1 420 5 is_stmt 1 view .LVU35
 420:USB_DEVICE/App/usbd_desc.c ****     {
 146              		.loc 1 420 17 is_stmt 0 view .LVU36
 147 002c 4FEA107C 		lsr	ip, r0, #28
 420:USB_DEVICE/App/usbd_desc.c ****     {
 148              		.loc 1 420 8 view .LVU37
 149 0030 B0F1204F 		cmp	r0, #-1610612736
 150 0034 E9D2     		bcs	.L9
 422:USB_DEVICE/App/usbd_desc.c ****     }
 151              		.loc 1 422 7 is_stmt 1 view .LVU38
 422:USB_DEVICE/App/usbd_desc.c ****     }
 152              		.loc 1 422 37 is_stmt 0 view .LVU39
 153 0036 0CF1300C 		add	ip, ip, #48
 422:USB_DEVICE/App/usbd_desc.c ****     }
 154              		.loc 1 422 21 view .LVU40
 155 003a 01F813C0 		strb	ip, [r1, r3, lsl #1]
 156 003e E8E7     		b	.L10
 157              	.L16:
 432:USB_DEVICE/App/usbd_desc.c ****   }
 433:USB_DEVICE/App/usbd_desc.c **** }
 158              		.loc 1 433 1 view .LVU41
 159 0040 5DF804FB 		ldr	pc, [sp], #4
 160              	.L15:
 161              	.LCFI1:
 162              		.cfi_def_cfa_offset 0
 163              		.cfi_restore 14
 164              		.loc 1 433 1 view .LVU42
 165 0044 7047     		bx	lr
 166              		.cfi_endproc
 167              	.LFE142:
 169              		.section	.text.Get_SerialNum,"ax",%progbits
 170              		.align	1
 171              		.syntax unified
 172              		.thumb
 173              		.thumb_func
 175              	Get_SerialNum:
 176              	.LFB141:
 389:USB_DEVICE/App/usbd_desc.c ****   uint32_t deviceserial0;
 177              		.loc 1 389 1 is_stmt 1 view -0
 178              		.cfi_startproc
 179              		@ args = 0, pretend = 0, frame = 0
 180              		@ frame_needed = 0, uses_anonymous_args = 0
 181 0000 38B5     		push	{r3, r4, r5, lr}
 182              	.LCFI2:
 183              		.cfi_def_cfa_offset 16
 184              		.cfi_offset 3, -16
 185              		.cfi_offset 4, -12
 186              		.cfi_offset 5, -8
 187              		.cfi_offset 14, -4
 390:USB_DEVICE/App/usbd_desc.c ****   uint32_t deviceserial1;
ARM GAS  C:\Users\FIsh\AppData\Local\Temp\ccGPU4Dc.s 			page 12


 188              		.loc 1 390 3 view .LVU44
 391:USB_DEVICE/App/usbd_desc.c ****   uint32_t deviceserial2;
 189              		.loc 1 391 3 view .LVU45
 392:USB_DEVICE/App/usbd_desc.c **** 
 190              		.loc 1 392 3 view .LVU46
 394:USB_DEVICE/App/usbd_desc.c ****   deviceserial1 = *(uint32_t *) DEVICE_ID2;
 191              		.loc 1 394 3 view .LVU47
 394:USB_DEVICE/App/usbd_desc.c ****   deviceserial1 = *(uint32_t *) DEVICE_ID2;
 192              		.loc 1 394 17 is_stmt 0 view .LVU48
 193 0002 0B4B     		ldr	r3, .L21
 194 0004 D3F8100A 		ldr	r0, [r3, #2576]
 195              	.LVL9:
 395:USB_DEVICE/App/usbd_desc.c ****   deviceserial2 = *(uint32_t *) DEVICE_ID3;
 196              		.loc 1 395 3 is_stmt 1 view .LVU49
 395:USB_DEVICE/App/usbd_desc.c ****   deviceserial2 = *(uint32_t *) DEVICE_ID3;
 197              		.loc 1 395 17 is_stmt 0 view .LVU50
 198 0008 D3F8144A 		ldr	r4, [r3, #2580]
 199              	.LVL10:
 396:USB_DEVICE/App/usbd_desc.c **** 
 200              		.loc 1 396 3 is_stmt 1 view .LVU51
 396:USB_DEVICE/App/usbd_desc.c **** 
 201              		.loc 1 396 17 is_stmt 0 view .LVU52
 202 000c D3F8183A 		ldr	r3, [r3, #2584]
 203              	.LVL11:
 398:USB_DEVICE/App/usbd_desc.c **** 
 204              		.loc 1 398 3 is_stmt 1 view .LVU53
 400:USB_DEVICE/App/usbd_desc.c ****   {
 205              		.loc 1 400 3 view .LVU54
 400:USB_DEVICE/App/usbd_desc.c ****   {
 206              		.loc 1 400 6 is_stmt 0 view .LVU55
 207 0010 C018     		adds	r0, r0, r3
 208              	.LVL12:
 400:USB_DEVICE/App/usbd_desc.c ****   {
 209              		.loc 1 400 6 view .LVU56
 210 0012 00D1     		bne	.L20
 211              	.LVL13:
 212              	.L17:
 405:USB_DEVICE/App/usbd_desc.c **** 
 213              		.loc 1 405 1 view .LVU57
 214 0014 38BD     		pop	{r3, r4, r5, pc}
 215              	.LVL14:
 216              	.L20:
 402:USB_DEVICE/App/usbd_desc.c ****     IntToUnicode(deviceserial1, &USBD_StringSerial[18], 4);
 217              		.loc 1 402 5 is_stmt 1 view .LVU58
 218 0016 074D     		ldr	r5, .L21+4
 219 0018 0822     		movs	r2, #8
 220 001a A91C     		adds	r1, r5, #2
 221 001c FFF7FEFF 		bl	IntToUnicode
 222              	.LVL15:
 403:USB_DEVICE/App/usbd_desc.c ****   }
 223              		.loc 1 403 5 view .LVU59
 224 0020 0422     		movs	r2, #4
 225 0022 05F11201 		add	r1, r5, #18
 226 0026 2046     		mov	r0, r4
 227 0028 FFF7FEFF 		bl	IntToUnicode
 228              	.LVL16:
 405:USB_DEVICE/App/usbd_desc.c **** 
ARM GAS  C:\Users\FIsh\AppData\Local\Temp\ccGPU4Dc.s 			page 13


 229              		.loc 1 405 1 is_stmt 0 view .LVU60
 230 002c F2E7     		b	.L17
 231              	.L22:
 232 002e 00BF     		.align	2
 233              	.L21:
 234 0030 0070FF1F 		.word	536834048
 235 0034 00000000 		.word	.LANCHOR2
 236              		.cfi_endproc
 237              	.LFE141:
 239              		.section	.text.USBD_FS_SerialStrDescriptor,"ax",%progbits
 240              		.align	1
 241              		.global	USBD_FS_SerialStrDescriptor
 242              		.syntax unified
 243              		.thumb
 244              		.thumb_func
 246              	USBD_FS_SerialStrDescriptor:
 247              	.LVL17:
 248              	.LFB138:
 317:USB_DEVICE/App/usbd_desc.c ****   UNUSED(speed);
 249              		.loc 1 317 1 is_stmt 1 view -0
 250              		.cfi_startproc
 251              		@ args = 0, pretend = 0, frame = 0
 252              		@ frame_needed = 0, uses_anonymous_args = 0
 317:USB_DEVICE/App/usbd_desc.c ****   UNUSED(speed);
 253              		.loc 1 317 1 is_stmt 0 view .LVU62
 254 0000 08B5     		push	{r3, lr}
 255              	.LCFI3:
 256              		.cfi_def_cfa_offset 8
 257              		.cfi_offset 3, -8
 258              		.cfi_offset 14, -4
 318:USB_DEVICE/App/usbd_desc.c ****   *length = USB_SIZ_STRING_SERIAL;
 259              		.loc 1 318 3 is_stmt 1 view .LVU63
 319:USB_DEVICE/App/usbd_desc.c **** 
 260              		.loc 1 319 3 view .LVU64
 319:USB_DEVICE/App/usbd_desc.c **** 
 261              		.loc 1 319 11 is_stmt 0 view .LVU65
 262 0002 1A23     		movs	r3, #26
 263 0004 0B80     		strh	r3, [r1]	@ movhi
 323:USB_DEVICE/App/usbd_desc.c ****   /* USER CODE BEGIN USBD_FS_SerialStrDescriptor */
 264              		.loc 1 323 3 is_stmt 1 view .LVU66
 265 0006 FFF7FEFF 		bl	Get_SerialNum
 266              	.LVL18:
 327:USB_DEVICE/App/usbd_desc.c **** }
 267              		.loc 1 327 3 view .LVU67
 328:USB_DEVICE/App/usbd_desc.c **** 
 268              		.loc 1 328 1 is_stmt 0 view .LVU68
 269 000a 0148     		ldr	r0, .L25
 270 000c 08BD     		pop	{r3, pc}
 271              	.L26:
 272 000e 00BF     		.align	2
 273              	.L25:
 274 0010 00000000 		.word	.LANCHOR2
 275              		.cfi_endproc
 276              	.LFE138:
 278              		.section	.rodata.USBD_FS_ProductStrDescriptor.str1.4,"aMS",%progbits,1
 279              		.align	2
 280              	.LC0:
ARM GAS  C:\Users\FIsh\AppData\Local\Temp\ccGPU4Dc.s 			page 14


 281 0000 53544D33 		.ascii	"STM32 Human interface\000"
 281      32204875 
 281      6D616E20 
 281      696E7465 
 281      72666163 
 282              		.section	.text.USBD_FS_ProductStrDescriptor,"ax",%progbits
 283              		.align	1
 284              		.global	USBD_FS_ProductStrDescriptor
 285              		.syntax unified
 286              		.thumb
 287              		.thumb_func
 289              	USBD_FS_ProductStrDescriptor:
 290              	.LVL19:
 291              	.LFB136:
 285:USB_DEVICE/App/usbd_desc.c ****   if(speed == 0)
 292              		.loc 1 285 1 is_stmt 1 view -0
 293              		.cfi_startproc
 294              		@ args = 0, pretend = 0, frame = 0
 295              		@ frame_needed = 0, uses_anonymous_args = 0
 285:USB_DEVICE/App/usbd_desc.c ****   if(speed == 0)
 296              		.loc 1 285 1 is_stmt 0 view .LVU70
 297 0000 08B5     		push	{r3, lr}
 298              	.LCFI4:
 299              		.cfi_def_cfa_offset 8
 300              		.cfi_offset 3, -8
 301              		.cfi_offset 14, -4
 302 0002 0A46     		mov	r2, r1
 286:USB_DEVICE/App/usbd_desc.c ****   {
 303              		.loc 1 286 3 is_stmt 1 view .LVU71
 286:USB_DEVICE/App/usbd_desc.c ****   {
 304              		.loc 1 286 5 is_stmt 0 view .LVU72
 305 0004 28B9     		cbnz	r0, .L28
 288:USB_DEVICE/App/usbd_desc.c ****   }
 306              		.loc 1 288 5 is_stmt 1 view .LVU73
 307 0006 0549     		ldr	r1, .L31
 308              	.LVL20:
 288:USB_DEVICE/App/usbd_desc.c ****   }
 309              		.loc 1 288 5 is_stmt 0 view .LVU74
 310 0008 0548     		ldr	r0, .L31+4
 311              	.LVL21:
 288:USB_DEVICE/App/usbd_desc.c ****   }
 312              		.loc 1 288 5 view .LVU75
 313 000a FFF7FEFF 		bl	USBD_GetString
 314              	.LVL22:
 315              	.L29:
 294:USB_DEVICE/App/usbd_desc.c **** }
 316              		.loc 1 294 3 is_stmt 1 view .LVU76
 295:USB_DEVICE/App/usbd_desc.c **** 
 317              		.loc 1 295 1 is_stmt 0 view .LVU77
 318 000e 0348     		ldr	r0, .L31
 319 0010 08BD     		pop	{r3, pc}
 320              	.LVL23:
 321              	.L28:
 292:USB_DEVICE/App/usbd_desc.c ****   }
 322              		.loc 1 292 5 is_stmt 1 view .LVU78
 323 0012 0249     		ldr	r1, .L31
 324              	.LVL24:
ARM GAS  C:\Users\FIsh\AppData\Local\Temp\ccGPU4Dc.s 			page 15


 292:USB_DEVICE/App/usbd_desc.c ****   }
 325              		.loc 1 292 5 is_stmt 0 view .LVU79
 326 0014 0248     		ldr	r0, .L31+4
 327              	.LVL25:
 292:USB_DEVICE/App/usbd_desc.c ****   }
 328              		.loc 1 292 5 view .LVU80
 329 0016 FFF7FEFF 		bl	USBD_GetString
 330              	.LVL26:
 292:USB_DEVICE/App/usbd_desc.c ****   }
 331              		.loc 1 292 5 view .LVU81
 332 001a F8E7     		b	.L29
 333              	.L32:
 334              		.align	2
 335              	.L31:
 336 001c 00000000 		.word	.LANCHOR3
 337 0020 00000000 		.word	.LC0
 338              		.cfi_endproc
 339              	.LFE136:
 341              		.section	.rodata.USBD_FS_ManufacturerStrDescriptor.str1.4,"aMS",%progbits,1
 342              		.align	2
 343              	.LC1:
 344 0000 53544D69 		.ascii	"STMicroelectronics\000"
 344      63726F65 
 344      6C656374 
 344      726F6E69 
 344      637300
 345              		.section	.text.USBD_FS_ManufacturerStrDescriptor,"ax",%progbits
 346              		.align	1
 347              		.global	USBD_FS_ManufacturerStrDescriptor
 348              		.syntax unified
 349              		.thumb
 350              		.thumb_func
 352              	USBD_FS_ManufacturerStrDescriptor:
 353              	.LVL27:
 354              	.LFB137:
 304:USB_DEVICE/App/usbd_desc.c ****   UNUSED(speed);
 355              		.loc 1 304 1 is_stmt 1 view -0
 356              		.cfi_startproc
 357              		@ args = 0, pretend = 0, frame = 0
 358              		@ frame_needed = 0, uses_anonymous_args = 0
 304:USB_DEVICE/App/usbd_desc.c ****   UNUSED(speed);
 359              		.loc 1 304 1 is_stmt 0 view .LVU83
 360 0000 10B5     		push	{r4, lr}
 361              	.LCFI5:
 362              		.cfi_def_cfa_offset 8
 363              		.cfi_offset 4, -8
 364              		.cfi_offset 14, -4
 365 0002 0A46     		mov	r2, r1
 305:USB_DEVICE/App/usbd_desc.c ****   USBD_GetString((uint8_t *)USBD_MANUFACTURER_STRING, USBD_StrDesc, length);
 366              		.loc 1 305 3 is_stmt 1 view .LVU84
 306:USB_DEVICE/App/usbd_desc.c ****   return USBD_StrDesc;
 367              		.loc 1 306 3 view .LVU85
 368 0004 034C     		ldr	r4, .L35
 369 0006 2146     		mov	r1, r4
 370              	.LVL28:
 306:USB_DEVICE/App/usbd_desc.c ****   return USBD_StrDesc;
 371              		.loc 1 306 3 is_stmt 0 view .LVU86
ARM GAS  C:\Users\FIsh\AppData\Local\Temp\ccGPU4Dc.s 			page 16


 372 0008 0348     		ldr	r0, .L35+4
 373              	.LVL29:
 306:USB_DEVICE/App/usbd_desc.c ****   return USBD_StrDesc;
 374              		.loc 1 306 3 view .LVU87
 375 000a FFF7FEFF 		bl	USBD_GetString
 376              	.LVL30:
 307:USB_DEVICE/App/usbd_desc.c **** }
 377              		.loc 1 307 3 is_stmt 1 view .LVU88
 308:USB_DEVICE/App/usbd_desc.c **** 
 378              		.loc 1 308 1 is_stmt 0 view .LVU89
 379 000e 2046     		mov	r0, r4
 380 0010 10BD     		pop	{r4, pc}
 381              	.L36:
 382 0012 00BF     		.align	2
 383              	.L35:
 384 0014 00000000 		.word	.LANCHOR3
 385 0018 00000000 		.word	.LC1
 386              		.cfi_endproc
 387              	.LFE137:
 389              		.section	.rodata.USBD_FS_ConfigStrDescriptor.str1.4,"aMS",%progbits,1
 390              		.align	2
 391              	.LC2:
 392 0000 48494420 		.ascii	"HID Config\000"
 392      436F6E66 
 392      696700
 393              		.section	.text.USBD_FS_ConfigStrDescriptor,"ax",%progbits
 394              		.align	1
 395              		.global	USBD_FS_ConfigStrDescriptor
 396              		.syntax unified
 397              		.thumb
 398              		.thumb_func
 400              	USBD_FS_ConfigStrDescriptor:
 401              	.LVL31:
 402              	.LFB139:
 337:USB_DEVICE/App/usbd_desc.c ****   if(speed == USBD_SPEED_HIGH)
 403              		.loc 1 337 1 is_stmt 1 view -0
 404              		.cfi_startproc
 405              		@ args = 0, pretend = 0, frame = 0
 406              		@ frame_needed = 0, uses_anonymous_args = 0
 337:USB_DEVICE/App/usbd_desc.c ****   if(speed == USBD_SPEED_HIGH)
 407              		.loc 1 337 1 is_stmt 0 view .LVU91
 408 0000 08B5     		push	{r3, lr}
 409              	.LCFI6:
 410              		.cfi_def_cfa_offset 8
 411              		.cfi_offset 3, -8
 412              		.cfi_offset 14, -4
 413 0002 0A46     		mov	r2, r1
 338:USB_DEVICE/App/usbd_desc.c ****   {
 414              		.loc 1 338 3 is_stmt 1 view .LVU92
 338:USB_DEVICE/App/usbd_desc.c ****   {
 415              		.loc 1 338 5 is_stmt 0 view .LVU93
 416 0004 28B9     		cbnz	r0, .L38
 340:USB_DEVICE/App/usbd_desc.c ****   }
 417              		.loc 1 340 5 is_stmt 1 view .LVU94
 418 0006 0549     		ldr	r1, .L41
 419              	.LVL32:
 340:USB_DEVICE/App/usbd_desc.c ****   }
ARM GAS  C:\Users\FIsh\AppData\Local\Temp\ccGPU4Dc.s 			page 17


 420              		.loc 1 340 5 is_stmt 0 view .LVU95
 421 0008 0548     		ldr	r0, .L41+4
 422              	.LVL33:
 340:USB_DEVICE/App/usbd_desc.c ****   }
 423              		.loc 1 340 5 view .LVU96
 424 000a FFF7FEFF 		bl	USBD_GetString
 425              	.LVL34:
 426              	.L39:
 346:USB_DEVICE/App/usbd_desc.c **** }
 427              		.loc 1 346 3 is_stmt 1 view .LVU97
 347:USB_DEVICE/App/usbd_desc.c **** 
 428              		.loc 1 347 1 is_stmt 0 view .LVU98
 429 000e 0348     		ldr	r0, .L41
 430 0010 08BD     		pop	{r3, pc}
 431              	.LVL35:
 432              	.L38:
 344:USB_DEVICE/App/usbd_desc.c ****   }
 433              		.loc 1 344 5 is_stmt 1 view .LVU99
 434 0012 0249     		ldr	r1, .L41
 435              	.LVL36:
 344:USB_DEVICE/App/usbd_desc.c ****   }
 436              		.loc 1 344 5 is_stmt 0 view .LVU100
 437 0014 0248     		ldr	r0, .L41+4
 438              	.LVL37:
 344:USB_DEVICE/App/usbd_desc.c ****   }
 439              		.loc 1 344 5 view .LVU101
 440 0016 FFF7FEFF 		bl	USBD_GetString
 441              	.LVL38:
 344:USB_DEVICE/App/usbd_desc.c ****   }
 442              		.loc 1 344 5 view .LVU102
 443 001a F8E7     		b	.L39
 444              	.L42:
 445              		.align	2
 446              	.L41:
 447 001c 00000000 		.word	.LANCHOR3
 448 0020 00000000 		.word	.LC2
 449              		.cfi_endproc
 450              	.LFE139:
 452              		.section	.rodata.USBD_FS_InterfaceStrDescriptor.str1.4,"aMS",%progbits,1
 453              		.align	2
 454              	.LC3:
 455 0000 48494420 		.ascii	"HID Interface\000"
 455      496E7465 
 455      72666163 
 455      6500
 456              		.section	.text.USBD_FS_InterfaceStrDescriptor,"ax",%progbits
 457              		.align	1
 458              		.global	USBD_FS_InterfaceStrDescriptor
 459              		.syntax unified
 460              		.thumb
 461              		.thumb_func
 463              	USBD_FS_InterfaceStrDescriptor:
 464              	.LVL39:
 465              	.LFB140:
 356:USB_DEVICE/App/usbd_desc.c ****   if(speed == 0)
 466              		.loc 1 356 1 is_stmt 1 view -0
 467              		.cfi_startproc
ARM GAS  C:\Users\FIsh\AppData\Local\Temp\ccGPU4Dc.s 			page 18


 468              		@ args = 0, pretend = 0, frame = 0
 469              		@ frame_needed = 0, uses_anonymous_args = 0
 356:USB_DEVICE/App/usbd_desc.c ****   if(speed == 0)
 470              		.loc 1 356 1 is_stmt 0 view .LVU104
 471 0000 08B5     		push	{r3, lr}
 472              	.LCFI7:
 473              		.cfi_def_cfa_offset 8
 474              		.cfi_offset 3, -8
 475              		.cfi_offset 14, -4
 476 0002 0A46     		mov	r2, r1
 357:USB_DEVICE/App/usbd_desc.c ****   {
 477              		.loc 1 357 3 is_stmt 1 view .LVU105
 357:USB_DEVICE/App/usbd_desc.c ****   {
 478              		.loc 1 357 5 is_stmt 0 view .LVU106
 479 0004 28B9     		cbnz	r0, .L44
 359:USB_DEVICE/App/usbd_desc.c ****   }
 480              		.loc 1 359 5 is_stmt 1 view .LVU107
 481 0006 0549     		ldr	r1, .L47
 482              	.LVL40:
 359:USB_DEVICE/App/usbd_desc.c ****   }
 483              		.loc 1 359 5 is_stmt 0 view .LVU108
 484 0008 0548     		ldr	r0, .L47+4
 485              	.LVL41:
 359:USB_DEVICE/App/usbd_desc.c ****   }
 486              		.loc 1 359 5 view .LVU109
 487 000a FFF7FEFF 		bl	USBD_GetString
 488              	.LVL42:
 489              	.L45:
 365:USB_DEVICE/App/usbd_desc.c **** }
 490              		.loc 1 365 3 is_stmt 1 view .LVU110
 366:USB_DEVICE/App/usbd_desc.c **** 
 491              		.loc 1 366 1 is_stmt 0 view .LVU111
 492 000e 0348     		ldr	r0, .L47
 493 0010 08BD     		pop	{r3, pc}
 494              	.LVL43:
 495              	.L44:
 363:USB_DEVICE/App/usbd_desc.c ****   }
 496              		.loc 1 363 5 is_stmt 1 view .LVU112
 497 0012 0249     		ldr	r1, .L47
 498              	.LVL44:
 363:USB_DEVICE/App/usbd_desc.c ****   }
 499              		.loc 1 363 5 is_stmt 0 view .LVU113
 500 0014 0248     		ldr	r0, .L47+4
 501              	.LVL45:
 363:USB_DEVICE/App/usbd_desc.c ****   }
 502              		.loc 1 363 5 view .LVU114
 503 0016 FFF7FEFF 		bl	USBD_GetString
 504              	.LVL46:
 363:USB_DEVICE/App/usbd_desc.c ****   }
 505              		.loc 1 363 5 view .LVU115
 506 001a F8E7     		b	.L45
 507              	.L48:
 508              		.align	2
 509              	.L47:
 510 001c 00000000 		.word	.LANCHOR3
 511 0020 00000000 		.word	.LC3
 512              		.cfi_endproc
ARM GAS  C:\Users\FIsh\AppData\Local\Temp\ccGPU4Dc.s 			page 19


 513              	.LFE140:
 515              		.global	USBD_StringSerial
 516              		.global	USBD_StrDesc
 517              		.global	USBD_LangIDDesc
 518              		.global	USBD_FS_DeviceDesc
 519              		.global	FS_Desc
 520              		.section	.bss.USBD_StrDesc,"aw",%nobits
 521              		.align	2
 522              		.set	.LANCHOR3,. + 0
 525              	USBD_StrDesc:
 526 0000 00000000 		.space	512
 526      00000000 
 526      00000000 
 526      00000000 
 526      00000000 
 527              		.section	.data.FS_Desc,"aw"
 528              		.align	2
 531              	FS_Desc:
 532 0000 00000000 		.word	USBD_FS_DeviceDescriptor
 533 0004 00000000 		.word	USBD_FS_LangIDStrDescriptor
 534 0008 00000000 		.word	USBD_FS_ManufacturerStrDescriptor
 535 000c 00000000 		.word	USBD_FS_ProductStrDescriptor
 536 0010 00000000 		.word	USBD_FS_SerialStrDescriptor
 537 0014 00000000 		.word	USBD_FS_ConfigStrDescriptor
 538 0018 00000000 		.word	USBD_FS_InterfaceStrDescriptor
 539              		.section	.data.USBD_FS_DeviceDesc,"aw"
 540              		.align	2
 541              		.set	.LANCHOR0,. + 0
 544              	USBD_FS_DeviceDesc:
 545 0000 12010002 		.ascii	"\022\001\000\002\000\000\000@\203\004+W\000\002\001"
 545      00000040 
 545      83042B57 
 545      000201
 546 000f 020301   		.ascii	"\002\003\001"
 547              		.section	.data.USBD_LangIDDesc,"aw"
 548              		.align	2
 549              		.set	.LANCHOR1,. + 0
 552              	USBD_LangIDDesc:
 553 0000 04030904 		.ascii	"\004\003\011\004"
 554              		.section	.data.USBD_StringSerial,"aw"
 555              		.align	2
 556              		.set	.LANCHOR2,. + 0
 559              	USBD_StringSerial:
 560 0000 1A0300   		.ascii	"\032\003\000"
 561 0003 00000000 		.space	23
 561      00000000 
 561      00000000 
 561      00000000 
 561      00000000 
 562              		.text
 563              	.Letext0:
 564              		.file 2 "c:\\program files (x86)\\gnu arm embedded toolchain\\10 2021.10\\arm-none-eabi\\include\\
 565              		.file 3 "c:\\program files (x86)\\gnu arm embedded toolchain\\10 2021.10\\arm-none-eabi\\include\\
 566              		.file 4 "Middlewares/ST/STM32_USB_Device_Library/Core/Inc/usbd_def.h"
 567              		.file 5 "USB_DEVICE/App/usbd_desc.h"
 568              		.file 6 "Middlewares/ST/STM32_USB_Device_Library/Core/Inc/usbd_ctlreq.h"
ARM GAS  C:\Users\FIsh\AppData\Local\Temp\ccGPU4Dc.s 			page 20


DEFINED SYMBOLS
                            *ABS*:00000000 usbd_desc.c
C:\Users\FIsh\AppData\Local\Temp\ccGPU4Dc.s:20     .text.USBD_FS_DeviceDescriptor:00000000 $t
C:\Users\FIsh\AppData\Local\Temp\ccGPU4Dc.s:26     .text.USBD_FS_DeviceDescriptor:00000000 USBD_FS_DeviceDescriptor
C:\Users\FIsh\AppData\Local\Temp\ccGPU4Dc.s:49     .text.USBD_FS_DeviceDescriptor:00000008 $d
C:\Users\FIsh\AppData\Local\Temp\ccGPU4Dc.s:54     .text.USBD_FS_LangIDStrDescriptor:00000000 $t
C:\Users\FIsh\AppData\Local\Temp\ccGPU4Dc.s:60     .text.USBD_FS_LangIDStrDescriptor:00000000 USBD_FS_LangIDStrDescriptor
C:\Users\FIsh\AppData\Local\Temp\ccGPU4Dc.s:82     .text.USBD_FS_LangIDStrDescriptor:00000008 $d
C:\Users\FIsh\AppData\Local\Temp\ccGPU4Dc.s:87     .text.IntToUnicode:00000000 $t
C:\Users\FIsh\AppData\Local\Temp\ccGPU4Dc.s:92     .text.IntToUnicode:00000000 IntToUnicode
C:\Users\FIsh\AppData\Local\Temp\ccGPU4Dc.s:170    .text.Get_SerialNum:00000000 $t
C:\Users\FIsh\AppData\Local\Temp\ccGPU4Dc.s:175    .text.Get_SerialNum:00000000 Get_SerialNum
C:\Users\FIsh\AppData\Local\Temp\ccGPU4Dc.s:234    .text.Get_SerialNum:00000030 $d
C:\Users\FIsh\AppData\Local\Temp\ccGPU4Dc.s:240    .text.USBD_FS_SerialStrDescriptor:00000000 $t
C:\Users\FIsh\AppData\Local\Temp\ccGPU4Dc.s:246    .text.USBD_FS_SerialStrDescriptor:00000000 USBD_FS_SerialStrDescriptor
C:\Users\FIsh\AppData\Local\Temp\ccGPU4Dc.s:274    .text.USBD_FS_SerialStrDescriptor:00000010 $d
C:\Users\FIsh\AppData\Local\Temp\ccGPU4Dc.s:279    .rodata.USBD_FS_ProductStrDescriptor.str1.4:00000000 $d
C:\Users\FIsh\AppData\Local\Temp\ccGPU4Dc.s:283    .text.USBD_FS_ProductStrDescriptor:00000000 $t
C:\Users\FIsh\AppData\Local\Temp\ccGPU4Dc.s:289    .text.USBD_FS_ProductStrDescriptor:00000000 USBD_FS_ProductStrDescriptor
C:\Users\FIsh\AppData\Local\Temp\ccGPU4Dc.s:336    .text.USBD_FS_ProductStrDescriptor:0000001c $d
C:\Users\FIsh\AppData\Local\Temp\ccGPU4Dc.s:342    .rodata.USBD_FS_ManufacturerStrDescriptor.str1.4:00000000 $d
C:\Users\FIsh\AppData\Local\Temp\ccGPU4Dc.s:346    .text.USBD_FS_ManufacturerStrDescriptor:00000000 $t
C:\Users\FIsh\AppData\Local\Temp\ccGPU4Dc.s:352    .text.USBD_FS_ManufacturerStrDescriptor:00000000 USBD_FS_ManufacturerStrDescriptor
C:\Users\FIsh\AppData\Local\Temp\ccGPU4Dc.s:384    .text.USBD_FS_ManufacturerStrDescriptor:00000014 $d
C:\Users\FIsh\AppData\Local\Temp\ccGPU4Dc.s:390    .rodata.USBD_FS_ConfigStrDescriptor.str1.4:00000000 $d
C:\Users\FIsh\AppData\Local\Temp\ccGPU4Dc.s:394    .text.USBD_FS_ConfigStrDescriptor:00000000 $t
C:\Users\FIsh\AppData\Local\Temp\ccGPU4Dc.s:400    .text.USBD_FS_ConfigStrDescriptor:00000000 USBD_FS_ConfigStrDescriptor
C:\Users\FIsh\AppData\Local\Temp\ccGPU4Dc.s:447    .text.USBD_FS_ConfigStrDescriptor:0000001c $d
C:\Users\FIsh\AppData\Local\Temp\ccGPU4Dc.s:453    .rodata.USBD_FS_InterfaceStrDescriptor.str1.4:00000000 $d
C:\Users\FIsh\AppData\Local\Temp\ccGPU4Dc.s:457    .text.USBD_FS_InterfaceStrDescriptor:00000000 $t
C:\Users\FIsh\AppData\Local\Temp\ccGPU4Dc.s:463    .text.USBD_FS_InterfaceStrDescriptor:00000000 USBD_FS_InterfaceStrDescriptor
C:\Users\FIsh\AppData\Local\Temp\ccGPU4Dc.s:510    .text.USBD_FS_InterfaceStrDescriptor:0000001c $d
C:\Users\FIsh\AppData\Local\Temp\ccGPU4Dc.s:559    .data.USBD_StringSerial:00000000 USBD_StringSerial
C:\Users\FIsh\AppData\Local\Temp\ccGPU4Dc.s:525    .bss.USBD_StrDesc:00000000 USBD_StrDesc
C:\Users\FIsh\AppData\Local\Temp\ccGPU4Dc.s:552    .data.USBD_LangIDDesc:00000000 USBD_LangIDDesc
C:\Users\FIsh\AppData\Local\Temp\ccGPU4Dc.s:544    .data.USBD_FS_DeviceDesc:00000000 USBD_FS_DeviceDesc
C:\Users\FIsh\AppData\Local\Temp\ccGPU4Dc.s:531    .data.FS_Desc:00000000 FS_Desc
C:\Users\FIsh\AppData\Local\Temp\ccGPU4Dc.s:521    .bss.USBD_StrDesc:00000000 $d
C:\Users\FIsh\AppData\Local\Temp\ccGPU4Dc.s:528    .data.FS_Desc:00000000 $d
C:\Users\FIsh\AppData\Local\Temp\ccGPU4Dc.s:540    .data.USBD_FS_DeviceDesc:00000000 $d
C:\Users\FIsh\AppData\Local\Temp\ccGPU4Dc.s:548    .data.USBD_LangIDDesc:00000000 $d
C:\Users\FIsh\AppData\Local\Temp\ccGPU4Dc.s:555    .data.USBD_StringSerial:00000000 $d

UNDEFINED SYMBOLS
USBD_GetString
